symbols-view@0.118.2

atom-beautify@0.32.5
atom-ctags@5.1.2
atom-fuzzy-grep@0.17.2
auto-encoding@0.7.1
cursor-history@0.13.1
file-icons@2.1.24
goto@1.8.3
highlight-selected@0.13.1
language-bison-flex@0.3.1
language-bison-improved@0.9.2
language-lua@0.9.11
minimap@4.29.8
my-package@0.0.0
persistent-bookmarks@0.3.0
project-manager@3.3.6
recent-files-fuzzy-finder@0.6.1
sourcefetch@0.1.0
split-diff@1.5.2
structure-view@0.2.1
symbol-gen@1.3.1
symbols-list@2.5.1
symbols-tree-nav@0.15.5
symbols-tree-view@0.14.0
tortoise-svn@0.5.1

